19:27:45.235 [main] INFO  TestCases.AccountRegisterTest - ===Entering details for registration===
19:27:46.912 [main] INFO  TestCases.AccountRegisterTest - ===Validation of registration===
19:27:46.952 [main] INFO  TestCases.AccountRegisterTest - ===Registration Completed===
19:27:49.513 [main] INFO  TestCases.LoginTest - ===Starting Login test===
19:27:49.911 [main] INFO  TestCases.LoginTest - ===Enter Login details===
19:27:51.032 [main] INFO  TestCases.LoginTest - ===Finished Login test===
19:33:07.015 [main] INFO  TestCases.AccountRegisterTest - ===Starting Register test===
19:33:07.635 [main] INFO  TestCases.AccountRegisterTest - ===Entering details for registration===
19:33:09.727 [main] INFO  TestCases.AccountRegisterTest - ===Validation of registration===
19:33:09.781 [main] INFO  TestCases.AccountRegisterTest - ===Registration Completed===
19:33:12.383 [main] INFO  TestCases.LoginTest - ===Starting Login test===
19:33:12.764 [main] INFO  TestCases.LoginTest - ===Enter Login details===
20:15:01.587 [main] INFO  TestCases.AccountRegisterTest - ===Starting Register test===
20:15:02.135 [main] INFO  TestCases.AccountRegisterTest - ===Entering details for registration===
20:15:06.278 [main] INFO  TestCases.AccountRegisterTest - ===Validation of registration===
20:15:06.326 [main] INFO  TestCases.AccountRegisterTest - ===Registration Completed===
20:15:08.889 [main] INFO  TestCases.LoginTest - ===Starting Login test===
20:15:09.255 [main] INFO  TestCases.LoginTest - ===Enter Login details===
20:16:52.132 [main] INFO  TestCases.AccountRegisterTest - ===Starting Register test===
20:16:52.743 [main] INFO  TestCases.AccountRegisterTest - ===Entering details for registration===
20:16:54.477 [main] INFO  TestCases.AccountRegisterTest - ===Validation of registration===
20:16:54.533 [main] INFO  TestCases.AccountRegisterTest - ===Registration Completed===
20:16:57.058 [main] INFO  TestCases.LoginTest - ===Starting Login test===
20:16:57.406 [main] INFO  TestCases.LoginTest - ===Enter Login details===
